<?xml version="1.0" encoding="UTF-8"?>
<testsuite xmlns:xsi="http://www.w3.org/2001/XMLSchema-instance" xsi:noNamespaceSchemaLocation="https://maven.apache.org/surefire/maven-surefire-plugin/xsd/surefire-test-report-3.0.xsd" version="3.0" name="com.proyecto.avance.rest.RestApplicationTests" time="5.458" tests="1" errors="0" skipped="0" failures="0">
  <properties>
[...]
</properties>
  <testcase name="contextLoads" classname="com.proyecto.avance.rest.RestApplicationTests" time="0.916">
    <system-out><![CDATA[19:53:34.508 [main] INFO org.springframework.test.context.support.AnnotationConfigContextLoaderUtils -- Could not detect default configuration classes for test class [com.proyecto.avance.rest.RestApplicationTests]: RestApplicationTests does not declare any static, non-private, non-final, nested classes annotated with @Configuration.
19:53:34.597 [main] INFO org.springframework.boot.test.context.SpringBootTestContextBootstrapper -- Found @SpringBootConfiguration com.proyecto.avance.rest.RestApplication for test class com.proyecto.avance.rest.RestApplicationTests

  .   ____          _            __ _ _
 /\\ / ___'_ __ _ _(_)_ __  __ _ \ \ \ \
( ( )\___ | '_ | '_| | '_ \/ _` | \ \ \ \
 \\/  ___)| |_)| | | | | || (_| |  ) ) ) )
  '  |____| .__|_| |_|_| |_\__, | / / / /
 =========|_|==============|___/=/_/_/_/

 :: Spring Boot ::                (v3.3.4)

2025-02-10T19:53:35.066Z  INFO 394982 --- [           main] c.p.avance.rest.RestApplicationTests     : Starting RestApplicationTests using Java 17.0.14 with PID 394982 (started by clouduser in /home/clouduser/openshift-origin-client-tools-v3.11.0-0cbc58b-linux-64bit/M5-Avance-main)
2025-02-10T19:53:35.067Z  INFO 394982 --- [           main] c.p.avance.rest.RestApplicationTests     : No active profile set, falling back to 1 default profile: "default"
2025-02-10T19:53:36.017Z  INFO 394982 --- [           main] .s.d.r.c.RepositoryConfigurationDelegate : Bootstrapping Spring Data MongoDB repositories in DEFAULT mode.
2025-02-10T19:53:36.060Z  INFO 394982 --- [           main] .s.d.r.c.RepositoryConfigurationDelegate : Finished Spring Data repository scanning in 38 ms. Found 1 MongoDB repository interface.
2025-02-10T19:53:36.568Z  INFO 394982 --- [fw9.mongodb.net] org.mongodb.driver.cluster               : Adding discovered server rest-shard-00-00.vrfw9.mongodb.net:27017 to client view of cluster
2025-02-10T19:53:36.583Z  INFO 394982 --- [           main] org.mongodb.driver.client                : MongoClient with metadata {"driver": {"name": "mongo-java-driver|sync|spring-boot", "version": "5.0.1"}, "os": {"type": "Linux", "name": "Linux", "architecture": "amd64", "version": "5.4.0-205-generic"}, "platform": "Java/Ubuntu/17.0.14+7-Ubuntu-120.04"} created with settings MongoClientSettings{readPreference=primary, writeConcern=WriteConcern{w=null, wTimeout=null ms, journal=null}, retryWrites=true, retryReads=true, readConcern=ReadConcern{level=null}, credential=MongoCredential{mechanism=null, userName='doriceliixtla', source='admin', password=<hidden>, mechanismProperties=<hidden>}, transportSettings=null, commandListeners=[], codecRegistry=ProvidersCodecRegistry{codecProviders=[ValueCodecProvider{}, BsonValueCodecProvider{}, DBRefCodecProvider{}, DBObjectCodecProvider{}, DocumentCodecProvider{}, CollectionCodecProvider{}, IterableCodecProvider{}, MapCodecProvider{}, GeoJsonCodecProvider{}, GridFSFileCodecProvider{}, Jsr310CodecProvider{}, JsonObjectCodecProvider{}, BsonCodecProvider{}, EnumCodecProvider{}, com.mongodb.client.model.mql.ExpressionCodecProvider@7e3d7dd, com.mongodb.Jep395RecordCodecProvider@3f63a513, com.mongodb.KotlinCodecProvider@413bef78]}, loggerSettings=LoggerSettings{maxDocumentLength=1000}, clusterSettings={hosts=[127.0.0.1:27017], srvHost=rest.vrfw9.mongodb.net, srvServiceName=mongodb, mode=MULTIPLE, requiredClusterType=REPLICA_SET, requiredReplicaSetName='atlas-sh0qiq-shard-0', serverSelector='null', clusterListeners='[]', serverSelectionTimeout='30000 ms', localThreshold='15 ms'}, socketSettings=SocketSettings{connectTimeoutMS=10000, readTimeoutMS=0, receiveBufferSize=0, proxySettings=ProxySettings{host=null, port=null, username=null, password=null}}, heartbeatSocketSettings=SocketSettings{connectTimeoutMS=10000, readTimeoutMS=10000, receiveBufferSize=0, proxySettings=ProxySettings{host=null, port=null, username=null, password=null}}, connectionPoolSettings=ConnectionPoolSettings{maxSize=100, minSize=0, maxWaitTimeMS=120000, maxConnectionLifeTimeMS=0, maxConnectionIdleTimeMS=0, maintenanceInitialDelayMS=0, maintenanceFrequencyMS=60000, connectionPoolListeners=[], maxConnecting=2}, serverSettings=ServerSettings{heartbeatFrequencyMS=10000, minHeartbeatFrequencyMS=500, serverListeners='[]', serverMonitorListeners='[]'}, sslSettings=SslSettings{enabled=true, invalidHostNameAllowed=false, context=null}, applicationName='null', compressorList=[], uuidRepresentation=JAVA_LEGACY, serverApi=null, autoEncryptionSettings=null, dnsClient=null, inetAddressResolver=null, contextProvider=null}
2025-02-10T19:53:36.610Z  INFO 394982 --- [fw9.mongodb.net] org.mongodb.driver.cluster               : Adding discovered server rest-shard-00-02.vrfw9.mongodb.net:27017 to client view of cluster
2025-02-10T19:53:36.614Z  INFO 394982 --- [fw9.mongodb.net] org.mongodb.driver.cluster               : Adding discovered server rest-shard-00-01.vrfw9.mongodb.net:27017 to client view of cluster
2025-02-10T19:53:37.386Z  INFO 394982 --- [ngodb.net:27017] org.mongodb.driver.cluster               : Monitor thread successfully connected to server with description ServerDescription{address=rest-shard-00-02.vrfw9.mongodb.net:27017, type=REPLICA_SET_SECONDARY, state=CONNECTED, ok=true, minWireVersion=0, maxWireVersion=25, maxDocumentSize=16777216, logicalSessionTimeoutMinutes=30, roundTripTimeNanos=394773544, setName='atlas-sh0qiq-shard-0', canonicalAddress=rest-shard-00-02.vrfw9.mongodb.net:27017, hosts=[rest-shard-00-00.vrfw9.mongodb.net:27017, rest-shard-00-02.vrfw9.mongodb.net:27017, rest-shard-00-01.vrfw9.mongodb.net:27017], passives=[], arbiters=[], primary='rest-shard-00-01.vrfw9.mongodb.net:27017', tagSet=TagSet{[Tag{name='availabilityZone', value='use1-az1'}, Tag{name='diskState', value='READY'}, Tag{name='nodeType', value='ELECTABLE'}, Tag{name='provider', value='AWS'}, Tag{name='region', value='US_EAST_1'}, Tag{name='workloadType', value='OPERATIONAL'}]}, electionId=null, setVersion=132, topologyVersion=TopologyVersion{processId=679bf1a74f5683868ccae221, counter=3}, lastWriteDate=Mon Feb 10 19:53:37 UTC 2025, lastUpdateTimeNanos=1094182873314289}
2025-02-10T19:53:37.389Z  INFO 394982 --- [ngodb.net:27017] org.mongodb.driver.cluster               : Monitor thread successfully connected to server with description ServerDescription{address=rest-shard-00-01.vrfw9.mongodb.net:27017, type=REPLICA_SET_PRIMARY, state=CONNECTED, ok=true, minWireVersion=0, maxWireVersion=25, maxDocumentSize=16777216, logicalSessionTimeoutMinutes=30, roundTripTimeNanos=389950578, setName='atlas-sh0qiq-shard-0', canonicalAddress=rest-shard-00-01.vrfw9.mongodb.net:27017, hosts=[rest-shard-00-00.vrfw9.mongodb.net:27017, rest-shard-00-02.vrfw9.mongodb.net:27017, rest-shard-00-01.vrfw9.mongodb.net:27017], passives=[], arbiters=[], primary='rest-shard-00-01.vrfw9.mongodb.net:27017', tagSet=TagSet{[Tag{name='availabilityZone', value='use1-az6'}, Tag{name='diskState', value='READY'}, Tag{name='nodeType', value='ELECTABLE'}, Tag{name='provider', value='AWS'}, Tag{name='region', value='US_EAST_1'}, Tag{name='workloadType', value='OPERATIONAL'}]}, electionId=7fffffff00000000000001fa, setVersion=132, topologyVersion=TopologyVersion{processId=679bee60cadd87455a46f758, counter=6}, lastWriteDate=Mon Feb 10 19:53:37 UTC 2025, lastUpdateTimeNanos=1094182868825388}
2025-02-10T19:53:37.391Z  INFO 394982 --- [ngodb.net:27017] org.mongodb.driver.cluster               : Monitor thread successfully connected to server with description ServerDescription{address=rest-shard-00-00.vrfw9.mongodb.net:27017, type=REPLICA_SET_SECONDARY, state=CONNECTED, ok=true, minWireVersion=0, maxWireVersion=25, maxDocumentSize=16777216, logicalSessionTimeoutMinutes=30, roundTripTimeNanos=389201701, setName='atlas-sh0qiq-shard-0', canonicalAddress=rest-shard-00-00.vrfw9.mongodb.net:27017, hosts=[rest-shard-00-00.vrfw9.mongodb.net:27017, rest-shard-00-02.vrfw9.mongodb.net:27017, rest-shard-00-01.vrfw9.mongodb.net:27017], passives=[], arbiters=[], primary='rest-shard-00-01.vrfw9.mongodb.net:27017', tagSet=TagSet{[Tag{name='availabilityZone', value='use1-az4'}, Tag{name='diskState', value='READY'}, Tag{name='nodeType', value='ELECTABLE'}, Tag{name='provider', value='AWS'}, Tag{name='region', value='US_EAST_1'}, Tag{name='workloadType', value='OPERATIONAL'}]}, electionId=null, setVersion=132, topologyVersion=TopologyVersion{processId=679bebdbab02bdabe2afffa6, counter=4}, lastWriteDate=Mon Feb 10 19:53:37 UTC 2025, lastUpdateTimeNanos=1094182866206927}
2025-02-10T19:53:37.402Z  INFO 394982 --- [ngodb.net:27017] org.mongodb.driver.cluster               : Discovered replica set primary rest-shard-00-01.vrfw9.mongodb.net:27017 with max election id 7fffffff00000000000001fa and max set version 132
2025-02-10T19:53:38.837Z  INFO 394982 --- [           main] c.p.avance.rest.RestApplicationTests     : Started RestApplicationTests in 4.054 seconds (process running for 5.167)
]]></system-out>
  </testcase>
</testsuite>